C:\USERS\JAKUB\DOCUMENTS\VISUAL STUDIO 2012\PROJECTS\DATABAZA SPORTOVCOV\DATABAZA SPORTOVCOV\DEBUG\DATABAZA SPORTOVCOV.PCH
C:\USERS\JAKUB\DOCUMENTS\VISUAL STUDIO 2012\PROJECTS\DATABAZA SPORTOVCOV\DATABAZA SPORTOVCOV\DEBUG\STDAFX.OBJ
C:\USERS\JAKUB\DOCUMENTS\VISUAL STUDIO 2012\PROJECTS\DATABAZA SPORTOVCOV\DATABAZA SPORTOVCOV\DEBUG\VC110.PDB
C:\USERS\JAKUB\DOCUMENTS\VISUAL STUDIO 2012\PROJECTS\DATABAZA SPORTOVCOV\DATABAZA SPORTOVCOV\DEBUG\DATABAZA SPORTOVCOV.OBJ
C:\USERS\JAKUB\DOCUMENTS\VISUAL STUDIO 2012\PROJECTS\DATABAZA SPORTOVCOV\DEBUG\DATABAZA SPORTOVCOV.ILK
C:\USERS\JAKUB\DOCUMENTS\VISUAL STUDIO 2012\PROJECTS\DATABAZA SPORTOVCOV\DEBUG\DATABAZA SPORTOVCOV.EXE
C:\USERS\JAKUB\DOCUMENTS\VISUAL STUDIO 2012\PROJECTS\DATABAZA SPORTOVCOV\DEBUG\DATABAZA SPORTOVCOV.PDB
C:\Users\Jakub\Documents\Visual Studio 2012\Projects\Databaza sportovcov\Databaza sportovcov\Debug\Databaza sportovcov.obj
C:\Users\Jakub\Documents\Visual Studio 2012\Projects\Databaza sportovcov\Databaza sportovcov\Debug\stdafx.obj
C:\Users\Jakub\Documents\Visual Studio 2012\Projects\Databaza sportovcov\Databaza sportovcov\Debug\cl.command.1.tlog
C:\Users\Jakub\Documents\Visual Studio 2012\Projects\Databaza sportovcov\Databaza sportovcov\Debug\CL.read.1.tlog
C:\Users\Jakub\Documents\Visual Studio 2012\Projects\Databaza sportovcov\Databaza sportovcov\Debug\CL.write.1.tlog
C:\Users\Jakub\Documents\Visual Studio 2012\Projects\Databaza sportovcov\Databaza sportovcov\Debug\link-cvtres.read.1.tlog
C:\Users\Jakub\Documents\Visual Studio 2012\Projects\Databaza sportovcov\Databaza sportovcov\Debug\link-cvtres.write.1.tlog
C:\Users\Jakub\Documents\Visual Studio 2012\Projects\Databaza sportovcov\Databaza sportovcov\Debug\link-rc.read.1.tlog
C:\Users\Jakub\Documents\Visual Studio 2012\Projects\Databaza sportovcov\Databaza sportovcov\Debug\link-rc.write.1.tlog
C:\Users\Jakub\Documents\Visual Studio 2012\Projects\Databaza sportovcov\Databaza sportovcov\Debug\link.command.1.tlog
C:\Users\Jakub\Documents\Visual Studio 2012\Projects\Databaza sportovcov\Databaza sportovcov\Debug\link.read.1.tlog
C:\Users\Jakub\Documents\Visual Studio 2012\Projects\Databaza sportovcov\Databaza sportovcov\Debug\link.write.1.tlog
C:\Users\Jakub\Documents\Visual Studio 2012\Projects\Databaza sportovcov\Databaza sportovcov\Debug\Databaza sportovcov.pch
C:\Users\Jakub\Documents\Visual Studio 2012\Projects\Databaza sportovcov\Databaza sportovcov\Debug\vc110.idb
C:\Users\Jakub\Documents\Visual Studio 2012\Projects\Databaza sportovcov\Databaza sportovcov\Debug\vc110.pdb
C:\Users\Jakub\Documents\Visual Studio 2012\Projects\Databaza sportovcov\Debug\Databaza sportovcov.pdb
C:\Users\Jakub\Documents\Visual Studio 2012\Projects\Databaza sportovcov\Debug\Databaza sportovcov.exe
C:\Users\Jakub\Documents\Visual Studio 2012\Projects\Databaza sportovcov\Debug\Databaza sportovcov.ilk
